CRITICAL - 2023-02-10 14:06:37 --> Class "QRcode" not found
in APPPATH\Views\home_contatos.php on line 79.
 1 SYSTEMPATH\View\View.php(213): include()
 2 SYSTEMPATH\View\View.php(216): CodeIgniter\View\View->CodeIgniter\View\{closure}()
 3 SYSTEMPATH\Common.php(1177): CodeIgniter\View\View->render('home_contatos', [], true)
 4 APPPATH\Controllers\Home.php(56): view('home_contatos', [...])
 5 SYSTEMPATH\CodeIgniter.php(934): App\Controllers\Home->contatos()
 6 SYSTEMPATH\CodeIgniter.php(499): CodeIgniter\CodeIgniter->runController(Object(App\Controllers\Home))
 7 SYSTEMPATH\CodeIgniter.php(368): CodeIgniter\CodeIgniter->handleRequest(null, Object(Config\Cache), false)
 8 FCPATH\index.php(67): CodeIgniter\CodeIgniter->run()
CRITICAL - 2023-02-10 19:39:15 --> Class "QRCode" not found
in APPPATH\Views\home_contatos.php on line 80.
 1 SYSTEMPATH\View\View.php(213): include()
 2 SYSTEMPATH\View\View.php(216): CodeIgniter\View\View->CodeIgniter\View\{closure}()
 3 SYSTEMPATH\Common.php(1177): CodeIgniter\View\View->render('home_contatos', [], true)
 4 APPPATH\Controllers\Home.php(56): view('home_contatos', [...])
 5 SYSTEMPATH\CodeIgniter.php(934): App\Controllers\Home->contatos()
 6 SYSTEMPATH\CodeIgniter.php(499): CodeIgniter\CodeIgniter->runController(Object(App\Controllers\Home))
 7 SYSTEMPATH\CodeIgniter.php(368): CodeIgniter\CodeIgniter->handleRequest(null, Object(Config\Cache), false)
 8 FCPATH\index.php(67): CodeIgniter\CodeIgniter->run()
