ERROR - 2023-03-01 12:58:17 --> mysqli_sql_exception: Unknown column 'cpf_cnpj' in 'where clause' in C:\xampp\htdocs\site\system\Database\MySQLi\Connection.php:295
Stack trace:
#0 C:\xampp\htdocs\site\system\Database\MySQLi\Connection.php(295): mysqli->query('SELECT 1\nFROM `...', 0)
#1 C:\xampp\htdocs\site\system\Database\BaseConnection.php(691): CodeIgniter\Database\MySQLi\Connection->execute('SELECT 1\nFROM `...')
#2 C:\xampp\htdocs\site\system\Database\BaseConnection.php(605): CodeIgniter\Database\BaseConnection->simpleQuery('SELECT 1\nFROM `...')
#3 C:\xampp\htdocs\site\system\Database\BaseBuilder.php(1601): CodeIgniter\Database\BaseConnection->query('SELECT 1\nFROM `...', Array, false)
#4 C:\xampp\htdocs\site\system\Validation\Rules.php(104): CodeIgniter\Database\BaseBuilder->get()
#5 C:\xampp\htdocs\site\system\Validation\StrictRules\Rules.php(120): CodeIgniter\Validation\Rules->is_not_unique('1', 'cpf_cnpj', Array)
#6 C:\xampp\htdocs\site\system\Validation\Validation.php(312): CodeIgniter\Validation\StrictRules\Rules->is_not_unique('1', 'usuarios.cpf_cn...', Array, NULL, 'cpf')
#7 C:\xampp\htdocs\site\system\Validation\Validation.php(170): CodeIgniter\Validation\Validation->processRules('cpf', 'cpf', '1', Array, Array)
#8 C:\xampp\htdocs\site\system\Controller.php(140): CodeIgniter\Validation\Validation->run()
#9 C:\xampp\htdocs\site\app\Controllers\Home.php(68): CodeIgniter\Controller->validate(Array)
#10 C:\xampp\htdocs\site\system\CodeIgniter.php(934): App\Controllers\Home->login()
#11 C:\xampp\htdocs\site\system\CodeIgniter.php(499): CodeIgniter\CodeIgniter->runController(Object(App\Controllers\Home))
#12 C:\xampp\htdocs\site\system\CodeIgniter.php(368): CodeIgniter\CodeIgniter->handleRequest(NULL, Object(Config\Cache), false)
#13 C:\xampp\htdocs\site\web\index.php(67): CodeIgniter\CodeIgniter->run()
#14 {main}
CRITICAL - 2023-03-01 12:58:17 --> Unknown column 'cpf_cnpj' in 'where clause'
in SYSTEMPATH\Database\BaseConnection.php on line 645.
 1 SYSTEMPATH\Database\BaseBuilder.php(1601): CodeIgniter\Database\BaseConnection->query('SELECT 1
FROM `usuarios`
WHERE `cpf_cnpj` = :cpf_cnpj:
 LIMIT 1', [...], false)
 2 SYSTEMPATH\Validation\Rules.php(104): CodeIgniter\Database\BaseBuilder->get()
 3 SYSTEMPATH\Validation\StrictRules\Rules.php(120): CodeIgniter\Validation\Rules->is_not_unique('1', 'cpf_cnpj', [...])
 4 SYSTEMPATH\Validation\Validation.php(312): CodeIgniter\Validation\StrictRules\Rules->is_not_unique('1', 'usuarios.cpf_cnpj', [...], null, 'cpf')
 5 SYSTEMPATH\Validation\Validation.php(170): CodeIgniter\Validation\Validation->processRules('cpf', 'cpf', '1', [...], [...])
 6 SYSTEMPATH\Controller.php(140): CodeIgniter\Validation\Validation->run()
 7 APPPATH\Controllers\Home.php(68): CodeIgniter\Controller->validate([...])
 8 SYSTEMPATH\CodeIgniter.php(934): App\Controllers\Home->login()
 9 SYSTEMPATH\CodeIgniter.php(499): CodeIgniter\CodeIgniter->runController(Object(App\Controllers\Home))
10 SYSTEMPATH\CodeIgniter.php(368): CodeIgniter\CodeIgniter->handleRequest(null, Object(Config\Cache), false)
11 FCPATH\index.php(67): CodeIgniter\CodeIgniter->run()
ERROR - 2023-03-01 17:02:28 --> mysqli_sql_exception: Unknown column 'cpf_cnpj' in 'where clause' in C:\xampp\htdocs\site\system\Database\MySQLi\Connection.php:295
Stack trace:
#0 C:\xampp\htdocs\site\system\Database\MySQLi\Connection.php(295): mysqli->query('SELECT 1\nFROM `...', 0)
#1 C:\xampp\htdocs\site\system\Database\BaseConnection.php(691): CodeIgniter\Database\MySQLi\Connection->execute('SELECT 1\nFROM `...')
#2 C:\xampp\htdocs\site\system\Database\BaseConnection.php(605): CodeIgniter\Database\BaseConnection->simpleQuery('SELECT 1\nFROM `...')
#3 C:\xampp\htdocs\site\system\Database\BaseBuilder.php(1601): CodeIgniter\Database\BaseConnection->query('SELECT 1\nFROM `...', Array, false)
#4 C:\xampp\htdocs\site\system\Validation\Rules.php(104): CodeIgniter\Database\BaseBuilder->get()
#5 C:\xampp\htdocs\site\system\Validation\StrictRules\Rules.php(120): CodeIgniter\Validation\Rules->is_not_unique('1', 'cpf_cnpj', Array)
#6 C:\xampp\htdocs\site\system\Validation\Validation.php(312): CodeIgniter\Validation\StrictRules\Rules->is_not_unique('1', 'usuarios.cpf_cn...', Array, NULL, 'cpf')
#7 C:\xampp\htdocs\site\system\Validation\Validation.php(170): CodeIgniter\Validation\Validation->processRules('cpf', 'cpf', '1', Array, Array)
#8 C:\xampp\htdocs\site\system\Controller.php(140): CodeIgniter\Validation\Validation->run()
#9 C:\xampp\htdocs\site\app\Controllers\Home.php(68): CodeIgniter\Controller->validate(Array)
#10 C:\xampp\htdocs\site\system\CodeIgniter.php(934): App\Controllers\Home->login()
#11 C:\xampp\htdocs\site\system\CodeIgniter.php(499): CodeIgniter\CodeIgniter->runController(Object(App\Controllers\Home))
#12 C:\xampp\htdocs\site\system\CodeIgniter.php(368): CodeIgniter\CodeIgniter->handleRequest(NULL, Object(Config\Cache), false)
#13 C:\xampp\htdocs\site\web\index.php(67): CodeIgniter\CodeIgniter->run()
#14 {main}
CRITICAL - 2023-03-01 17:02:28 --> Unknown column 'cpf_cnpj' in 'where clause'
in SYSTEMPATH\Database\BaseConnection.php on line 645.
 1 SYSTEMPATH\Database\BaseBuilder.php(1601): CodeIgniter\Database\BaseConnection->query('SELECT 1
FROM `usuarios`
WHERE `cpf_cnpj` = :cpf_cnpj:
 LIMIT 1', [...], false)
 2 SYSTEMPATH\Validation\Rules.php(104): CodeIgniter\Database\BaseBuilder->get()
 3 SYSTEMPATH\Validation\StrictRules\Rules.php(120): CodeIgniter\Validation\Rules->is_not_unique('1', 'cpf_cnpj', [...])
 4 SYSTEMPATH\Validation\Validation.php(312): CodeIgniter\Validation\StrictRules\Rules->is_not_unique('1', 'usuarios.cpf_cnpj', [...], null, 'cpf')
 5 SYSTEMPATH\Validation\Validation.php(170): CodeIgniter\Validation\Validation->processRules('cpf', 'cpf', '1', [...], [...])
 6 SYSTEMPATH\Controller.php(140): CodeIgniter\Validation\Validation->run()
 7 APPPATH\Controllers\Home.php(68): CodeIgniter\Controller->validate([...])
 8 SYSTEMPATH\CodeIgniter.php(934): App\Controllers\Home->login()
 9 SYSTEMPATH\CodeIgniter.php(499): CodeIgniter\CodeIgniter->runController(Object(App\Controllers\Home))
10 SYSTEMPATH\CodeIgniter.php(368): CodeIgniter\CodeIgniter->handleRequest(null, Object(Config\Cache), false)
11 FCPATH\index.php(67): CodeIgniter\CodeIgniter->run()
CRITICAL - 2023-03-01 17:02:51 --> Class "App\Models\UsuarioModel" not found
in APPPATH\Controllers\Home.php on line 96.
 1 SYSTEMPATH\CodeIgniter.php(934): App\Controllers\Home->login()
 2 SYSTEMPATH\CodeIgniter.php(499): CodeIgniter\CodeIgniter->runController(Object(App\Controllers\Home))
 3 SYSTEMPATH\CodeIgniter.php(368): CodeIgniter\CodeIgniter->handleRequest(null, Object(Config\Cache), false)
 4 FCPATH\index.php(67): CodeIgniter\CodeIgniter->run()
CRITICAL - 2023-03-01 17:03:41 --> Undefined variable $usuarioModel
in APPPATH\Controllers\Home.php on line 97.
 1 APPPATH\Controllers\Home.php(97): CodeIgniter\Debug\Exceptions->errorHandler(2, 'Undefined variable $usuarioModel', 'APPPATH\\Controllers\\Home.php', 97)
 2 SYSTEMPATH\CodeIgniter.php(934): App\Controllers\Home->login()
 3 SYSTEMPATH\CodeIgniter.php(499): CodeIgniter\CodeIgniter->runController(Object(App\Controllers\Home))
 4 SYSTEMPATH\CodeIgniter.php(368): CodeIgniter\CodeIgniter->handleRequest(null, Object(Config\Cache), false)
 5 FCPATH\index.php(67): CodeIgniter\CodeIgniter->run()
CRITICAL - 2023-03-01 17:03:59 --> Class "App\Controllers\Crypt" not found
in APPPATH\Controllers\Home.php on line 99.
 1 SYSTEMPATH\CodeIgniter.php(934): App\Controllers\Home->login()
 2 SYSTEMPATH\CodeIgniter.php(499): CodeIgniter\CodeIgniter->runController(Object(App\Controllers\Home))
 3 SYSTEMPATH\CodeIgniter.php(368): CodeIgniter\CodeIgniter->handleRequest(null, Object(Config\Cache), false)
 4 FCPATH\index.php(67): CodeIgniter\CodeIgniter->run()
CRITICAL - 2023-03-01 17:05:20 --> Undefined variable $usuariosModel
in APPPATH\Controllers\Home.php on line 97.
 1 APPPATH\Controllers\Home.php(97): CodeIgniter\Debug\Exceptions->errorHandler(2, 'Undefined variable $usuariosModel', 'APPPATH\\Controllers\\Home.php', 97)
 2 SYSTEMPATH\CodeIgniter.php(934): App\Controllers\Home->login()
 3 SYSTEMPATH\CodeIgniter.php(499): CodeIgniter\CodeIgniter->runController(Object(App\Controllers\Home))
 4 SYSTEMPATH\CodeIgniter.php(368): CodeIgniter\CodeIgniter->handleRequest(null, Object(Config\Cache), false)
 5 FCPATH\index.php(67): CodeIgniter\CodeIgniter->run()
CRITICAL - 2023-03-01 17:05:28 --> Class "App\Controllers\Crypt" not found
in APPPATH\Controllers\Home.php on line 99.
 1 SYSTEMPATH\CodeIgniter.php(934): App\Controllers\Home->login()
 2 SYSTEMPATH\CodeIgniter.php(499): CodeIgniter\CodeIgniter->runController(Object(App\Controllers\Home))
 3 SYSTEMPATH\CodeIgniter.php(368): CodeIgniter\CodeIgniter->handleRequest(null, Object(Config\Cache), false)
 4 FCPATH\index.php(67): CodeIgniter\CodeIgniter->run()
