CRITICAL - 2023-05-05 02:44:41 --> Cannot use object of type stdClass as array
in APPPATH\Controllers\Home.php on line 100.
 1 SYSTEMPATH\CodeIgniter.php(934): App\Controllers\Home->login()
 2 SYSTEMPATH\CodeIgniter.php(499): CodeIgniter\CodeIgniter->runController(Object(App\Controllers\Home))
 3 SYSTEMPATH\CodeIgniter.php(368): CodeIgniter\CodeIgniter->handleRequest(null, Object(Config\Cache), false)
 4 FCPATH\index.php(67): CodeIgniter\CodeIgniter->run()
CRITICAL - 2023-05-05 02:46:22 --> Cannot use object of type stdClass as array
in APPPATH\Controllers\Home.php on line 101.
 1 SYSTEMPATH\CodeIgniter.php(934): App\Controllers\Home->login()
 2 SYSTEMPATH\CodeIgniter.php(499): CodeIgniter\CodeIgniter->runController(Object(App\Controllers\Home))
 3 SYSTEMPATH\CodeIgniter.php(368): CodeIgniter\CodeIgniter->handleRequest(null, Object(Config\Cache), false)
 4 FCPATH\index.php(67): CodeIgniter\CodeIgniter->run()
INFO - 2023-05-05 02:46:43 --> Session: Class initialized using 'CodeIgniter\Session\Handlers\FileHandler' driver.
CRITICAL - 2023-05-05 02:46:43 --> Cannot use object of type stdClass as array
in APPPATH\Controllers\Home.php on line 110.
 1 SYSTEMPATH\CodeIgniter.php(934): App\Controllers\Home->login()
 2 SYSTEMPATH\CodeIgniter.php(499): CodeIgniter\CodeIgniter->runController(Object(App\Controllers\Home))
 3 SYSTEMPATH\CodeIgniter.php(368): CodeIgniter\CodeIgniter->handleRequest(null, Object(Config\Cache), false)
 4 FCPATH\index.php(67): CodeIgniter\CodeIgniter->run()
INFO - 2023-05-05 02:47:06 --> Session: Class initialized using 'CodeIgniter\Session\Handlers\FileHandler' driver.
