CRITICAL - 2023-01-16 14:25:58 --> Class "Home" does not exist
in SYSTEMPATH\Debug\Toolbar\Collectors\Routes.php on line 71.
 1 SYSTEMPATH\Debug\Toolbar\Collectors\Routes.php(71): ReflectionMethod->__construct('Home', '_remap')
 2 SYSTEMPATH\Debug\Toolbar\Collectors\BaseCollector.php(222): CodeIgniter\Debug\Toolbar\Collectors\Routes->display()
 3 SYSTEMPATH\Debug\Toolbar.php(92): CodeIgniter\Debug\Toolbar\Collectors\BaseCollector->getAsArray()
 4 SYSTEMPATH\Debug\Toolbar.php(370): CodeIgniter\Debug\Toolbar->run(1673879157.263886, 1.1055, Object(CodeIgniter\HTTP\IncomingRequest), Object(CodeIgniter\HTTP\Response))
 5 SYSTEMPATH\Filters\DebugToolbar.php(40): CodeIgniter\Debug\Toolbar->prepare(Object(CodeIgniter\HTTP\IncomingRequest), Object(CodeIgniter\HTTP\Response))
 6 SYSTEMPATH\Filters\Filters.php(196): CodeIgniter\Filters\DebugToolbar->after(Object(CodeIgniter\HTTP\IncomingRequest), Object(CodeIgniter\HTTP\Response), null)
 7 SYSTEMPATH\CodeIgniter.php(519): CodeIgniter\Filters\Filters->run('ROOTPATH\\public', 'after')
 8 SYSTEMPATH\CodeIgniter.php(368): CodeIgniter\CodeIgniter->handleRequest(null, Object(Config\Cache), false)
 9 FCPATH\index.php(67): CodeIgniter\CodeIgniter->run()
CRITICAL - 2023-01-16 14:27:28 --> Undefined variable $menu
in APPPATH\Views\header.php on line 97.
 1 APPPATH\Views\header.php(97): CodeIgniter\Debug\Exceptions->errorHandler(2, 'Undefined variable $menu', 'APPPATH\\Views\\header.php', 97)
 2 SYSTEMPATH\View\View.php(213): include('APPPATH\\Views\\header.php')
 3 SYSTEMPATH\View\View.php(216): CodeIgniter\View\View->CodeIgniter\View\{closure}()
 4 SYSTEMPATH\View\View.php(431): CodeIgniter\View\View->render('header', null, true)
 5 APPPATH\Views\home_empresa.php(1): CodeIgniter\View\View->include('header')
 6 SYSTEMPATH\View\View.php(213): include('APPPATH\\Views\\home_empresa.php')
 7 SYSTEMPATH\View\View.php(216): CodeIgniter\View\View->CodeIgniter\View\{closure}()
 8 SYSTEMPATH\Common.php(1177): CodeIgniter\View\View->render('home_empresa', [], true)
 9 APPPATH\Controllers\Home.php(35): view('home_empresa')
10 SYSTEMPATH\CodeIgniter.php(934): App\Controllers\Home->empresa()
11 SYSTEMPATH\CodeIgniter.php(499): CodeIgniter\CodeIgniter->runController(Object(App\Controllers\Home))
12 SYSTEMPATH\CodeIgniter.php(368): CodeIgniter\CodeIgniter->handleRequest(null, Object(Config\Cache), false)
13 FCPATH\index.php(67): CodeIgniter\CodeIgniter->run()
CRITICAL - 2023-01-16 14:54:56 --> Invalid file: "home_solucoes.php"
in SYSTEMPATH\Exceptions\FrameworkException.php on line 33.
 1 SYSTEMPATH\View\View.php(201): CodeIgniter\Exceptions\FrameworkException::forInvalidFile('home_solucoes.php')
 2 SYSTEMPATH\Common.php(1177): CodeIgniter\View\View->render('home_solucoes', [], true)
 3 APPPATH\Controllers\Home.php(30): view('home_solucoes', [...])
 4 SYSTEMPATH\CodeIgniter.php(934): App\Controllers\Home->solucoes()
 5 SYSTEMPATH\CodeIgniter.php(499): CodeIgniter\CodeIgniter->runController(Object(App\Controllers\Home))
 6 SYSTEMPATH\CodeIgniter.php(368): CodeIgniter\CodeIgniter->handleRequest(null, Object(Config\Cache), false)
 7 FCPATH\index.php(67): CodeIgniter\CodeIgniter->run()
CRITICAL - 2023-01-16 20:18:50 --> Call to undefined function Year()
in APPPATH\Views\footer.php on line 11.
 1 SYSTEMPATH\View\View.php(213): include()
 2 SYSTEMPATH\View\View.php(216): CodeIgniter\View\View->CodeIgniter\View\{closure}()
 3 SYSTEMPATH\View\View.php(431): CodeIgniter\View\View->render('footer', null, true)
 4 APPPATH\Views\home.php(45): CodeIgniter\View\View->include('footer')
 5 SYSTEMPATH\View\View.php(213): include('APPPATH\\Views\\home.php')
 6 SYSTEMPATH\View\View.php(216): CodeIgniter\View\View->CodeIgniter\View\{closure}()
 7 SYSTEMPATH\Common.php(1177): CodeIgniter\View\View->render('home', [], true)
 8 APPPATH\Controllers\Home.php(23): view('home', [...])
 9 SYSTEMPATH\CodeIgniter.php(934): App\Controllers\Home->index()
10 SYSTEMPATH\CodeIgniter.php(499): CodeIgniter\CodeIgniter->runController(Object(App\Controllers\Home))
11 SYSTEMPATH\CodeIgniter.php(368): CodeIgniter\CodeIgniter->handleRequest(null, Object(Config\Cache), false)
12 FCPATH\index.php(67): CodeIgniter\CodeIgniter->run()
