CRITICAL - 2023-02-23 12:18:00 --> Undefined variable $menu
in APPPATH\Views\header.php on line 139.
 1 APPPATH\Views\header.php(139): CodeIgniter\Debug\Exceptions->errorHandler(2, 'Undefined variable $menu', 'APPPATH\\Views\\header.php', 139)
 2 SYSTEMPATH\View\View.php(213): include('APPPATH\\Views\\header.php')
 3 SYSTEMPATH\View\View.php(216): CodeIgniter\View\View->CodeIgniter\View\{closure}()
 4 SYSTEMPATH\View\View.php(431): CodeIgniter\View\View->render('header', null, true)
 5 APPPATH\Views\portal\home.php(1): CodeIgniter\View\View->include('header')
 6 SYSTEMPATH\View\View.php(213): include('APPPATH\\Views\\portal\\home.php')
 7 SYSTEMPATH\View\View.php(216): CodeIgniter\View\View->CodeIgniter\View\{closure}()
 8 SYSTEMPATH\Common.php(1177): CodeIgniter\View\View->render('portal/home', [], true)
 9 APPPATH\Controllers\Portal.php(19): view('portal/home', [...])
10 SYSTEMPATH\CodeIgniter.php(934): App\Controllers\Portal->index()
11 SYSTEMPATH\CodeIgniter.php(499): CodeIgniter\CodeIgniter->runController(Object(App\Controllers\Portal))
12 SYSTEMPATH\CodeIgniter.php(368): CodeIgniter\CodeIgniter->handleRequest(null, Object(Config\Cache), false)
13 FCPATH\index.php(67): CodeIgniter\CodeIgniter->run()
CRITICAL - 2023-02-23 12:19:12 --> Undefined variable $menu
in APPPATH\Views\header.php on line 139.
 1 APPPATH\Views\header.php(139): CodeIgniter\Debug\Exceptions->errorHandler(2, 'Undefined variable $menu', 'APPPATH\\Views\\header.php', 139)
 2 SYSTEMPATH\View\View.php(213): include('APPPATH\\Views\\header.php')
 3 SYSTEMPATH\View\View.php(216): CodeIgniter\View\View->CodeIgniter\View\{closure}()
 4 SYSTEMPATH\View\View.php(431): CodeIgniter\View\View->render('header', null, true)
 5 APPPATH\Views\portal\home.php(1): CodeIgniter\View\View->include('header')
 6 SYSTEMPATH\View\View.php(213): include('APPPATH\\Views\\portal\\home.php')
 7 SYSTEMPATH\View\View.php(216): CodeIgniter\View\View->CodeIgniter\View\{closure}()
 8 SYSTEMPATH\Common.php(1177): CodeIgniter\View\View->render('portal/home', [], true)
 9 APPPATH\Controllers\Portal.php(19): view('portal/home', [...])
10 SYSTEMPATH\CodeIgniter.php(934): App\Controllers\Portal->index()
11 SYSTEMPATH\CodeIgniter.php(499): CodeIgniter\CodeIgniter->runController(Object(App\Controllers\Portal))
12 SYSTEMPATH\CodeIgniter.php(368): CodeIgniter\CodeIgniter->handleRequest(null, Object(Config\Cache), false)
13 FCPATH\index.php(67): CodeIgniter\CodeIgniter->run()
CRITICAL - 2023-02-23 12:19:14 --> Undefined variable $menu
in APPPATH\Views\header.php on line 139.
 1 APPPATH\Views\header.php(139): CodeIgniter\Debug\Exceptions->errorHandler(2, 'Undefined variable $menu', 'APPPATH\\Views\\header.php', 139)
 2 SYSTEMPATH\View\View.php(213): include('APPPATH\\Views\\header.php')
 3 SYSTEMPATH\View\View.php(216): CodeIgniter\View\View->CodeIgniter\View\{closure}()
 4 SYSTEMPATH\View\View.php(431): CodeIgniter\View\View->render('header', null, true)
 5 APPPATH\Views\portal\home.php(1): CodeIgniter\View\View->include('header')
 6 SYSTEMPATH\View\View.php(213): include('APPPATH\\Views\\portal\\home.php')
 7 SYSTEMPATH\View\View.php(216): CodeIgniter\View\View->CodeIgniter\View\{closure}()
 8 SYSTEMPATH\Common.php(1177): CodeIgniter\View\View->render('portal/home', [], true)
 9 APPPATH\Controllers\Portal.php(19): view('portal/home', [...])
10 SYSTEMPATH\CodeIgniter.php(934): App\Controllers\Portal->index()
11 SYSTEMPATH\CodeIgniter.php(499): CodeIgniter\CodeIgniter->runController(Object(App\Controllers\Portal))
12 SYSTEMPATH\CodeIgniter.php(368): CodeIgniter\CodeIgniter->handleRequest(null, Object(Config\Cache), false)
13 FCPATH\index.php(67): CodeIgniter\CodeIgniter->run()
INFO - 2023-02-23 17:50:27 --> Session: Class initialized using 'CodeIgniter\Session\Handlers\FileHandler' driver.
INFO - 2023-02-23 17:51:45 --> Session: Class initialized using 'CodeIgniter\Session\Handlers\FileHandler' driver.
INFO - 2023-02-23 17:52:27 --> Session: Class initialized using 'CodeIgniter\Session\Handlers\FileHandler' driver.
CRITICAL - 2023-02-23 17:53:11 --> Undefined variable $menu
in APPPATH\Views\header.php on line 139.
 1 APPPATH\Views\header.php(139): CodeIgniter\Debug\Exceptions->errorHandler(2, 'Undefined variable $menu', 'APPPATH\\Views\\header.php', 139)
 2 SYSTEMPATH\View\View.php(213): include('APPPATH\\Views\\header.php')
 3 SYSTEMPATH\View\View.php(216): CodeIgniter\View\View->CodeIgniter\View\{closure}()
 4 SYSTEMPATH\View\View.php(431): CodeIgniter\View\View->render('header', null, true)
 5 APPPATH\Views\login.php(1): CodeIgniter\View\View->include('header')
 6 SYSTEMPATH\View\View.php(213): include('APPPATH\\Views\\login.php')
 7 SYSTEMPATH\View\View.php(216): CodeIgniter\View\View->CodeIgniter\View\{closure}()
 8 SYSTEMPATH\Common.php(1177): CodeIgniter\View\View->render('login', [], true)
 9 APPPATH\Controllers\Login.php(38): view('login', [...])
10 SYSTEMPATH\CodeIgniter.php(934): App\Controllers\Login->index()
11 SYSTEMPATH\CodeIgniter.php(499): CodeIgniter\CodeIgniter->runController(Object(App\Controllers\Login))
12 SYSTEMPATH\CodeIgniter.php(368): CodeIgniter\CodeIgniter->handleRequest(null, Object(Config\Cache), false)
13 FCPATH\index.php(67): CodeIgniter\CodeIgniter->run()
INFO - 2023-02-23 17:55:33 --> Session: Class initialized using 'CodeIgniter\Session\Handlers\FileHandler' driver.
INFO - 2023-02-23 17:56:32 --> Session: Class initialized using 'CodeIgniter\Session\Handlers\FileHandler' driver.
CRITICAL - 2023-02-23 18:17:31 --> Undefined variable $menu
in APPPATH\Views\header.php on line 139.
 1 APPPATH\Views\header.php(139): CodeIgniter\Debug\Exceptions->errorHandler(2, 'Undefined variable $menu', 'APPPATH\\Views\\header.php', 139)
 2 SYSTEMPATH\View\View.php(213): include('APPPATH\\Views\\header.php')
 3 SYSTEMPATH\View\View.php(216): CodeIgniter\View\View->CodeIgniter\View\{closure}()
 4 SYSTEMPATH\View\View.php(431): CodeIgniter\View\View->render('header', null, true)
 5 APPPATH\Views\login.php(1): CodeIgniter\View\View->include('header')
 6 SYSTEMPATH\View\View.php(213): include('APPPATH\\Views\\login.php')
 7 SYSTEMPATH\View\View.php(216): CodeIgniter\View\View->CodeIgniter\View\{closure}()
 8 SYSTEMPATH\Common.php(1177): CodeIgniter\View\View->render('login', [], true)
 9 APPPATH\Controllers\Login.php(39): view('login', [...])
10 SYSTEMPATH\CodeIgniter.php(934): App\Controllers\Login->index()
11 SYSTEMPATH\CodeIgniter.php(499): CodeIgniter\CodeIgniter->runController(Object(App\Controllers\Login))
12 SYSTEMPATH\CodeIgniter.php(368): CodeIgniter\CodeIgniter->handleRequest(null, Object(Config\Cache), false)
13 FCPATH\index.php(67): CodeIgniter\CodeIgniter->run()
CRITICAL - 2023-02-23 18:18:32 --> Undefined variable $menu
in APPPATH\Views\header.php on line 139.
 1 APPPATH\Views\header.php(139): CodeIgniter\Debug\Exceptions->errorHandler(2, 'Undefined variable $menu', 'APPPATH\\Views\\header.php', 139)
 2 SYSTEMPATH\View\View.php(213): include('APPPATH\\Views\\header.php')
 3 SYSTEMPATH\View\View.php(216): CodeIgniter\View\View->CodeIgniter\View\{closure}()
 4 SYSTEMPATH\View\View.php(431): CodeIgniter\View\View->render('header', null, true)
 5 APPPATH\Views\login.php(1): CodeIgniter\View\View->include('header')
 6 SYSTEMPATH\View\View.php(213): include('APPPATH\\Views\\login.php')
 7 SYSTEMPATH\View\View.php(216): CodeIgniter\View\View->CodeIgniter\View\{closure}()
 8 SYSTEMPATH\Common.php(1177): CodeIgniter\View\View->render('login', [], true)
 9 APPPATH\Controllers\Login.php(39): view('login', [...])
10 SYSTEMPATH\CodeIgniter.php(934): App\Controllers\Login->index()
11 SYSTEMPATH\CodeIgniter.php(499): CodeIgniter\CodeIgniter->runController(Object(App\Controllers\Login))
12 SYSTEMPATH\CodeIgniter.php(368): CodeIgniter\CodeIgniter->handleRequest(null, Object(Config\Cache), false)
13 FCPATH\index.php(67): CodeIgniter\CodeIgniter->run()
