INFO - 2023-03-04 11:43:40 --> Session: Class initialized using 'CodeIgniter\Session\Handlers\FileHandler' driver.
CRITICAL - 2023-03-04 11:44:58 --> Cannot declare class App\Models\CarouselHomeModel, because the name is already in use
in APPPATH\Models\CodigoCadastroModel.php on line 6.
 1 [internal function]: CodeIgniter\Debug\Exceptions->shutdownHandler()
CRITICAL - 2023-03-04 11:45:42 --> Class "App\Models\ClienteModel" not found
in APPPATH\Controllers\Home.php on line 195.
 1 SYSTEMPATH\CodeIgniter.php(934): App\Controllers\Home->cadastro()
 2 SYSTEMPATH\CodeIgniter.php(499): CodeIgniter\CodeIgniter->runController(Object(App\Controllers\Home))
 3 SYSTEMPATH\CodeIgniter.php(368): CodeIgniter\CodeIgniter->handleRequest(null, Object(Config\Cache), false)
 4 FCPATH\index.php(67): CodeIgniter\CodeIgniter->run()
CRITICAL - 2023-03-04 11:46:12 --> Class "App\Models\ClienteModel" not found
in APPPATH\Controllers\Home.php on line 195.
 1 SYSTEMPATH\CodeIgniter.php(934): App\Controllers\Home->cadastro()
 2 SYSTEMPATH\CodeIgniter.php(499): CodeIgniter\CodeIgniter->runController(Object(App\Controllers\Home))
 3 SYSTEMPATH\CodeIgniter.php(368): CodeIgniter\CodeIgniter->handleRequest(null, Object(Config\Cache), false)
 4 FCPATH\index.php(67): CodeIgniter\CodeIgniter->run()
CRITICAL - 2023-03-04 11:46:44 --> Class "App\Models\ClienteModel" not found
in APPPATH\Controllers\Home.php on line 195.
 1 SYSTEMPATH\CodeIgniter.php(934): App\Controllers\Home->cadastro()
 2 SYSTEMPATH\CodeIgniter.php(499): CodeIgniter\CodeIgniter->runController(Object(App\Controllers\Home))
 3 SYSTEMPATH\CodeIgniter.php(368): CodeIgniter\CodeIgniter->handleRequest(null, Object(Config\Cache), false)
 4 FCPATH\index.php(67): CodeIgniter\CodeIgniter->run()
CRITICAL - 2023-03-04 11:47:07 --> Class "App\Models\ClienteModel" not found
in APPPATH\Controllers\Home.php on line 195.
 1 SYSTEMPATH\CodeIgniter.php(934): App\Controllers\Home->cadastro()
 2 SYSTEMPATH\CodeIgniter.php(499): CodeIgniter\CodeIgniter->runController(Object(App\Controllers\Home))
 3 SYSTEMPATH\CodeIgniter.php(368): CodeIgniter\CodeIgniter->handleRequest(null, Object(Config\Cache), false)
 4 FCPATH\index.php(67): CodeIgniter\CodeIgniter->run()
CRITICAL - 2023-03-04 11:47:20 --> Class "App\Models\ClienteModel" not found
in APPPATH\Controllers\Home.php on line 195.
 1 SYSTEMPATH\CodeIgniter.php(934): App\Controllers\Home->cadastro()
 2 SYSTEMPATH\CodeIgniter.php(499): CodeIgniter\CodeIgniter->runController(Object(App\Controllers\Home))
 3 SYSTEMPATH\CodeIgniter.php(368): CodeIgniter\CodeIgniter->handleRequest(null, Object(Config\Cache), false)
 4 FCPATH\index.php(67): CodeIgniter\CodeIgniter->run()
CRITICAL - 2023-03-04 11:47:47 --> Undefined property: App\Controllers\Home::$load
in APPPATH\Controllers\Home.php on line 204.
 1 APPPATH\Controllers\Home.php(204): CodeIgniter\Debug\Exceptions->errorHandler(2, 'Undefined property: App\\Controllers\\Home::$load', 'APPPATH\\Controllers\\Home.php', 204)
 2 SYSTEMPATH\CodeIgniter.php(934): App\Controllers\Home->cadastro()
 3 SYSTEMPATH\CodeIgniter.php(499): CodeIgniter\CodeIgniter->runController(Object(App\Controllers\Home))
 4 SYSTEMPATH\CodeIgniter.php(368): CodeIgniter\CodeIgniter->handleRequest(null, Object(Config\Cache), false)
 5 FCPATH\index.php(67): CodeIgniter\CodeIgniter->run()
CRITICAL - 2023-03-04 11:49:05 --> Undefined property: App\Controllers\Home::$load
in APPPATH\Controllers\Home.php on line 204.
 1 APPPATH\Controllers\Home.php(204): CodeIgniter\Debug\Exceptions->errorHandler(2, 'Undefined property: App\\Controllers\\Home::$load', 'APPPATH\\Controllers\\Home.php', 204)
 2 SYSTEMPATH\CodeIgniter.php(934): App\Controllers\Home->cadastro()
 3 SYSTEMPATH\CodeIgniter.php(499): CodeIgniter\CodeIgniter->runController(Object(App\Controllers\Home))
 4 SYSTEMPATH\CodeIgniter.php(368): CodeIgniter\CodeIgniter->handleRequest(null, Object(Config\Cache), false)
 5 FCPATH\index.php(67): CodeIgniter\CodeIgniter->run()
CRITICAL - 2023-03-04 11:49:23 --> Undefined variable $username
in APPPATH\Controllers\Home.php on line 209.
 1 APPPATH\Controllers\Home.php(209): CodeIgniter\Debug\Exceptions->errorHandler(2, 'Undefined variable $username', 'APPPATH\\Controllers\\Home.php', 209)
 2 SYSTEMPATH\CodeIgniter.php(934): App\Controllers\Home->cadastro()
 3 SYSTEMPATH\CodeIgniter.php(499): CodeIgniter\CodeIgniter->runController(Object(App\Controllers\Home))
 4 SYSTEMPATH\CodeIgniter.php(368): CodeIgniter\CodeIgniter->handleRequest(null, Object(Config\Cache), false)
 5 FCPATH\index.php(67): CodeIgniter\CodeIgniter->run()
CRITICAL - 2023-03-04 11:49:38 --> Class "App\Controllers\Crypt" not found
in APPPATH\Controllers\Home.php on line 210.
 1 SYSTEMPATH\CodeIgniter.php(934): App\Controllers\Home->cadastro()
 2 SYSTEMPATH\CodeIgniter.php(499): CodeIgniter\CodeIgniter->runController(Object(App\Controllers\Home))
 3 SYSTEMPATH\CodeIgniter.php(368): CodeIgniter\CodeIgniter->handleRequest(null, Object(Config\Cache), false)
 4 FCPATH\index.php(67): CodeIgniter\CodeIgniter->run()
CRITICAL - 2023-03-04 11:50:16 --> Call to undefined function App\Controllers\now()
in APPPATH\Controllers\Home.php on line 214.
 1 SYSTEMPATH\CodeIgniter.php(934): App\Controllers\Home->cadastro()
 2 SYSTEMPATH\CodeIgniter.php(499): CodeIgniter\CodeIgniter->runController(Object(App\Controllers\Home))
 3 SYSTEMPATH\CodeIgniter.php(368): CodeIgniter\CodeIgniter->handleRequest(null, Object(Config\Cache), false)
 4 FCPATH\index.php(67): CodeIgniter\CodeIgniter->run()
CRITICAL - 2023-03-04 11:50:45 --> Class "App\Models\UsuarioModel" not found
in APPPATH\Controllers\Home.php on line 217.
 1 SYSTEMPATH\CodeIgniter.php(934): App\Controllers\Home->cadastro()
 2 SYSTEMPATH\CodeIgniter.php(499): CodeIgniter\CodeIgniter->runController(Object(App\Controllers\Home))
 3 SYSTEMPATH\CodeIgniter.php(368): CodeIgniter\CodeIgniter->handleRequest(null, Object(Config\Cache), false)
 4 FCPATH\index.php(67): CodeIgniter\CodeIgniter->run()
ERROR - 2023-03-04 11:51:10 --> mysqli_sql_exception: Cannot add or update a child row: a foreign key constraint fails (`vntech`.`usuarios`, CONSTRAINT `fk_CliUsuarios` FOREIGN KEY (`id_cliente`) REFERENCES `clientes` (`cliente_id`)) in C:\xampp\htdocs\site\system\Database\MySQLi\Connection.php:295
Stack trace:
#0 C:\xampp\htdocs\site\system\Database\MySQLi\Connection.php(295): mysqli->query('INSERT INTO `us...', 0)
#1 C:\xampp\htdocs\site\system\Database\BaseConnection.php(691): CodeIgniter\Database\MySQLi\Connection->execute('INSERT INTO `us...')
#2 C:\xampp\htdocs\site\system\Database\BaseConnection.php(605): CodeIgniter\Database\BaseConnection->simpleQuery('INSERT INTO `us...')
#3 C:\xampp\htdocs\site\system\Database\BaseBuilder.php(2294): CodeIgniter\Database\BaseConnection->query('INSERT INTO `us...', Array, false)
#4 C:\xampp\htdocs\site\system\Model.php(329): CodeIgniter\Database\BaseBuilder->insert()
#5 C:\xampp\htdocs\site\system\BaseModel.php(782): CodeIgniter\Model->doInsert(Array)
#6 C:\xampp\htdocs\site\system\Model.php(728): CodeIgniter\BaseModel->insert(Array, true)
#7 C:\xampp\htdocs\site\app\Controllers\Home.php(218): CodeIgniter\Model->insert(Array)
#8 C:\xampp\htdocs\site\system\CodeIgniter.php(934): App\Controllers\Home->cadastro()
#9 C:\xampp\htdocs\site\system\CodeIgniter.php(499): CodeIgniter\CodeIgniter->runController(Object(App\Controllers\Home))
#10 C:\xampp\htdocs\site\system\CodeIgniter.php(368): CodeIgniter\CodeIgniter->handleRequest(NULL, Object(Config\Cache), false)
#11 C:\xampp\htdocs\site\web\index.php(67): CodeIgniter\CodeIgniter->run()
#12 {main}
CRITICAL - 2023-03-04 11:51:10 --> Cannot add or update a child row: a foreign key constraint fails (`vntech`.`usuarios`, CONSTRAINT `fk_CliUsuarios` FOREIGN KEY (`id_cliente`) REFERENCES `clientes` (`cliente_id`))
in SYSTEMPATH\Database\BaseConnection.php on line 645.
 1 SYSTEMPATH\Database\BaseBuilder.php(2294): CodeIgniter\Database\BaseConnection->query('INSERT INTO `usuarios` (`nome`, `sobrenome`, `cpf`, `senha`, `status`, `id_cliente`) VALUES (:nome:, :sobrenome:, :cpf:, :senha:, :status:, :id_cliente:)', [...], false)
 2 SYSTEMPATH\Model.php(329): CodeIgniter\Database\BaseBuilder->insert()
 3 SYSTEMPATH\BaseModel.php(782): CodeIgniter\Model->doInsert([...])
 4 SYSTEMPATH\Model.php(728): CodeIgniter\BaseModel->insert([...], true)
 5 APPPATH\Controllers\Home.php(218): CodeIgniter\Model->insert([...])
 6 SYSTEMPATH\CodeIgniter.php(934): App\Controllers\Home->cadastro()
 7 SYSTEMPATH\CodeIgniter.php(499): CodeIgniter\CodeIgniter->runController(Object(App\Controllers\Home))
 8 SYSTEMPATH\CodeIgniter.php(368): CodeIgniter\CodeIgniter->handleRequest(null, Object(Config\Cache), false)
 9 FCPATH\index.php(67): CodeIgniter\CodeIgniter->run()
